Running tests for io.jenkins.plugins:demo:1.0-SNAPSHOT
Dec 27, 2021 2:24:14 AM org.eclipse.jetty.util.log.Log initialized
INFO: Logging initialized @194ms to org.eclipse.jetty.util.log.Slf4jLog
Dec 27, 2021 2:24:14 AM org.jvnet.hudson.test.HudsonTestCase <clinit>
WARNING: Failed to cancel out MAVEN_OPTS
hudson.os.PosixException: native error calling unsetenv: Invalid argument MAVEN_OPTS EIO
	at hudson.os.PosixAPI$1.error(PosixAPI.java:36)
	at jnr.posix.JavaPOSIX.unsetenv(JavaPOSIX.java:431)
	at jnr.posix.LazyPOSIX.unsetenv(LazyPOSIX.java:418)
	at org.jvnet.hudson.test.HudsonTestCase.<clinit>(HudsonTestCase.java:1785)
	at org.jvnet.hudson.test.JellyTestSuiteBuilder$JellyTestSuite.<init>(JellyTestSuiteBuilder.java:139)
	at org.jvnet.hudson.test.JellyTestSuiteBuilder$JellyTestSuite.<init>(JellyTestSuiteBuilder.java:138)
	at org.jvnet.hudson.test.JellyTestSuiteBuilder.build(JellyTestSuiteBuilder.java:80)
	at org.jvnet.hudson.test.PluginAutomaticTestBuilder.build(PluginAutomaticTestBuilder.java:63)
	at InjectedTest.suite(InjectedTest.java:17)
	at java.base/jdk.internal.reflect.NativeMethodAccessorImpl.invoke0(Native Method)
	at java.base/jdk.internal.reflect.NativeMethodAccessorImpl.invoke(NativeMethodAccessorImpl.java:77)
	at java.base/jdk.internal.reflect.DelegatingMethodAccessorImpl.invoke(DelegatingMethodAccessorImpl.java:43)
	at java.base/java.lang.reflect.Method.invoke(Method.java:568)
	at org.junit.internal.runners.SuiteMethod.testFromSuiteMethod(SuiteMethod.java:35)
	at org.junit.internal.runners.SuiteMethod.<init>(SuiteMethod.java:24)
	at org.junit.internal.builders.SuiteMethodBuilder.runnerForClass(SuiteMethodBuilder.java:11)
	at org.junit.runners.model.RunnerBuilder.safeRunnerForClass(RunnerBuilder.java:59)
	at org.junit.internal.builders.AllDefaultPossibilitiesBuilder.runnerForClass(AllDefaultPossibilitiesBuilder.java:26)
	at org.junit.runners.model.RunnerBuilder.safeRunnerForClass(RunnerBuilder.java:59)
	at org.junit.internal.requests.ClassRequest.getRunner(ClassRequest.java:33)
	at org.apache.maven.surefire.junit4.JUnit4Provider.execute(JUnit4Provider.java:362)
	at org.apache.maven.surefire.junit4.JUnit4Provider.executeWithRerun(JUnit4Provider.java:273)
	at org.apache.maven.surefire.junit4.JUnit4Provider.executeTestSet(JUnit4Provider.java:238)
	at org.apache.maven.surefire.junit4.JUnit4Provider.invoke(JUnit4Provider.java:159)
	at org.apache.maven.surefire.booter.ForkedBooter.invokeProviderInSameClassLoader(ForkedBooter.java:384)
	at org.apache.maven.surefire.booter.ForkedBooter.runSuitesInProcess(ForkedBooter.java:345)
	at org.apache.maven.surefire.booter.ForkedBooter.execute(ForkedBooter.java:126)
	at org.apache.maven.surefire.booter.ForkedBooter.main(ForkedBooter.java:418)

Dec 27, 2021 2:24:14 AM jenkins.model.Jenkins <clinit>
SEVERE: Failed to load Jenkins.class
java.lang.ExceptionInInitializerError
	at com.thoughtworks.xstream.XStream.setupConverters(XStream.java:824)
	at com.thoughtworks.xstream.XStream.<init>(XStream.java:574)
	at com.thoughtworks.xstream.XStream.<init>(XStream.java:496)
	at com.thoughtworks.xstream.XStream.<init>(XStream.java:465)
	at com.thoughtworks.xstream.XStream.<init>(XStream.java:411)
	at com.thoughtworks.xstream.XStream.<init>(XStream.java:378)
	at hudson.util.XStream2.<init>(XStream2.java:113)
	at jenkins.model.Jenkins.<clinit>(Jenkins.java:5235)
	at hudson.PluginManager.<clinit>(PluginManager.java:2096)
	at org.jvnet.hudson.test.HudsonTestCase.<init>(HudsonTestCase.java:254)
	at org.jvnet.hudson.test.JellyTestSuiteBuilder$JellyTestSuite$1.<init>(JellyTestSuiteBuilder.java:139)
	at org.jvnet.hudson.test.JellyTestSuiteBuilder$JellyTestSuite.<init>(JellyTestSuiteBuilder.java:139)
	at org.jvnet.hudson.test.JellyTestSuiteBuilder$JellyTestSuite.<init>(JellyTestSuiteBuilder.java:138)
	at org.jvnet.hudson.test.JellyTestSuiteBuilder.build(JellyTestSuiteBuilder.java:80)
	at org.jvnet.hudson.test.PluginAutomaticTestBuilder.build(PluginAutomaticTestBuilder.java:63)
	at InjectedTest.suite(InjectedTest.java:17)
	at java.base/jdk.internal.reflect.NativeMethodAccessorImpl.invoke0(Native Method)
	at java.base/jdk.internal.reflect.NativeMethodAccessorImpl.invoke(NativeMethodAccessorImpl.java:77)
	at java.base/jdk.internal.reflect.DelegatingMethodAccessorImpl.invoke(DelegatingMethodAccessorImpl.java:43)
	at java.base/java.lang.reflect.Method.invoke(Method.java:568)
	at org.junit.internal.runners.SuiteMethod.testFromSuiteMethod(SuiteMethod.java:35)
	at org.junit.internal.runners.SuiteMethod.<init>(SuiteMethod.java:24)
	at org.junit.internal.builders.SuiteMethodBuilder.runnerForClass(SuiteMethodBuilder.java:11)
	at org.junit.runners.model.RunnerBuilder.safeRunnerForClass(RunnerBuilder.java:59)
	at org.junit.internal.builders.AllDefaultPossibilitiesBuilder.runnerForClass(AllDefaultPossibilitiesBuilder.java:26)
	at org.junit.runners.model.RunnerBuilder.safeRunnerForClass(RunnerBuilder.java:59)
	at org.junit.internal.requests.ClassRequest.getRunner(ClassRequest.java:33)
	at org.apache.maven.surefire.junit4.JUnit4Provider.execute(JUnit4Provider.java:362)
	at org.apache.maven.surefire.junit4.JUnit4Provider.executeWithRerun(JUnit4Provider.java:273)
	at org.apache.maven.surefire.junit4.JUnit4Provider.executeTestSet(JUnit4Provider.java:238)
	at org.apache.maven.surefire.junit4.JUnit4Provider.invoke(JUnit4Provider.java:159)
	at org.apache.maven.surefire.booter.ForkedBooter.invokeProviderInSameClassLoader(ForkedBooter.java:384)
	at org.apache.maven.surefire.booter.ForkedBooter.runSuitesInProcess(ForkedBooter.java:345)
	at org.apache.maven.surefire.booter.ForkedBooter.execute(ForkedBooter.java:126)
	at org.apache.maven.surefire.booter.ForkedBooter.main(ForkedBooter.java:418)
Caused by: java.lang.reflect.InaccessibleObjectException: Unable to make field protected java.lang.reflect.InvocationHandler java.lang.reflect.Proxy.h accessible: module java.base does not "opens java.lang.reflect" to unnamed module @18be83e4
	at java.base/java.lang.reflect.AccessibleObject.checkCanSetAccessible(AccessibleObject.java:354)
	at java.base/java.lang.reflect.AccessibleObject.checkCanSetAccessible(AccessibleObject.java:297)
	at java.base/java.lang.reflect.Field.checkCanSetAccessible(Field.java:178)
	at java.base/java.lang.reflect.Field.setAccessible(Field.java:172)
	at com.thoughtworks.xstream.core.util.Fields.locate(Fields.java:39)
	at com.thoughtworks.xstream.converters.extended.DynamicProxyConverter.<clinit>(DynamicProxyConverter.java:42)
	... 35 more

Running tests for io.jenkins.plugins:demo:1.0-SNAPSHOT
Running tests for io.jenkins.plugins:demo:1.0-SNAPSHOT
Running tests for io.jenkins.plugins:demo:1.0-SNAPSHOT
Running tests for io.jenkins.plugins:demo:1.0-SNAPSHOT
